#
# There is insufficient memory for the Java Runtime Environment to continue.
# Native memory allocation (mmap) failed to map 4161536 bytes for G1 virtual space
# Possible reasons:
#   The system is out of physical RAM or swap space
#   The process is running with CompressedOops enabled, and the Java Heap may be blocking the growth of the native heap
# Possible solutions:
#   Reduce memory load on the system
#   Increase physical memory or swap space
#   Check if swap backing store is full
#   Decrease Java heap size (-Xmx/-Xms)
#   Decrease number of Java threads
#   Decrease Java thread stack sizes (-Xss)
#   Set larger code cache with -XX:ReservedCodeCacheSize=
#   JVM is running with Zero Based Compressed Oops mode in which the Java heap is
#     placed in the first 32GB address space. The Java Heap base address is the
#     maximum limit for the native heap growth. Please use -XX:HeapBaseMinAddress
#     to set the Java Heap base and to place the Java Heap above 32GB virtual address.
# This output file may be truncated or incomplete.
#
#  Out of Memory Error (os_windows.cpp:3747), pid=25260, tid=12228
#
# JRE version:  (17.0.3+7) (build )
# Java VM: OpenJDK 64-Bit Server VM (17.0.3+7-b469.37, mixed mode, sharing, tiered, compressed oops, compressed class ptrs, g1 gc, windows-amd64)
# No core dump will be written. Minidumps are not enabled by default on client versions of Windows
#

---------------  S U M M A R Y ------------

Command Line: git4idea.http.GitAskPassApp Username for 'https://github.com': 

Host: Intel(R) Core(TM) i7-8750H CPU @ 2.20GHz, 12 cores, 15G,  Windows 10 , 64 bit Build 19041 (10.0.19041.2364)
Time: Tue Feb  7 23:44:51 2023  Windows 10 , 64 bit Build 19041 (10.0.19041.2364) elapsed time: 0.039129 seconds (0d 0h 0m 0s)

---------------  T H R E A D  ---------------

Current thread (0x000001ed7642a0f0):  JavaThread "Unknown thread" [_thread_in_vm, id=12228, stack(0x00000006d5600000,0x00000006d5700000)]

Stack: [0x00000006d5600000,0x00000006d5700000]
Native frames: (J=compiled Java code, j=interpreted, Vv=VM code, C=native code)
V  [jvm.dll+0x681f8a]
V  [jvm.dll+0x83e374]
V  [jvm.dll+0x83fb1e]
V  [jvm.dll+0x840183]
V  [jvm.dll+0x2492a5]
V  [jvm.dll+0x67ee59]
V  [jvm.dll+0x67355a]
V  [jvm.dll+0x308fab]
V  [jvm.dll+0x310466]
V  [jvm.dll+0x360208]
V  [jvm.dll+0x36040f]
V  [jvm.dll+0x2df098]
V  [jvm.dll+0x2e0004]
V  [jvm.dll+0x80fc61]
V  [jvm.dll+0x36df61]
V  [jvm.dll+0x7ef17c]
V  [jvm.dll+0x3f10ef]
V  [jvm.dll+0x3f2c31]
C  [jli.dll+0x526b]
C  [ucrtbase.dll+0x21bb2]
C  [KERNEL32.DLL+0x17614]
C  [ntdll.dll+0x526a1]


---------------  P R O C E S S  ---------------

Threads class SMR info:
_java_thread_list=0x00007fff6c0c6f18, length=0, elements={
}

Java Threads: ( => current thread )

Other Threads:
  0x000001ed76490e90 GCTaskThread "GC Thread#0" [stack: 0x00000006d5700000,0x00000006d5800000] [id=15328]
  0x000001ed764a1b90 ConcurrentGCThread "G1 Main Marker" [stack: 0x00000006d5800000,0x00000006d5900000] [id=2852]
  0x000001ed764a3d50 ConcurrentGCThread "G1 Conc#0" [stack: 0x00000006d5900000,0x00000006d5a00000] [id=20916]

[error occurred during error reporting (printing all threads), id 0xc0000005, EXCEPTION_ACCESS_VIOLATION (0xc0000005) at pc=0x00007fff6b87fc57]

VM state: not at safepoint (not fully initialized)

VM Mutex/Monitor currently owned by a thread:  ([mutex/lock_event])
[0x000001ed76425c20] Heap_lock - owner thread: 0x000001ed7642a0f0

Heap address: 0x0000000702400000, size: 4060 MB, Compressed Oops mode: Zero based, Oop shift amount: 3

CDS archive(s) mapped at: [0x0000000000000000-0x0000000000000000-0x0000000000000000), size 0, SharedBaseAddress: 0x0000000800000000, ArchiveRelocationMode: 0.
Narrow klass base: 0x0000000000000000, Narrow klass shift: 0, Narrow klass range: 0x0

GC Precious Log:
<Empty>

Heap:
 garbage-first heap   total 0K, used 0K [0x0000000702400000, 0x0000000800000000)
  region size 2048K, 0 young (0K), 0 survivors (0K)

[error occurred during error reporting (printing heap information), id 0xc0000005, EXCEPTION_ACCESS_VIOLATION (0xc0000005) at pc=0x00007fff6bc6bbd9]

GC Heap History (0 events):
No events

Deoptimization events (0 events):
No events

Classes unloaded (0 events):
No events

Classes redefined (0 events):
No events

Internal exceptions (0 events):
No events

VM Operations (0 events):
No events

Events (1 events):
Event: 0.023 Loaded shared library C:\Program Files\JetBrains\IntelliJ IDEA 2022.2.1\jbr\bin\java.dll


Dynamic libraries:
0x00007ff771410000 - 0x00007ff77141a000 	C:\Program Files\JetBrains\IntelliJ IDEA 2022.2.1\jbr\bin\java.exe
0x00007fffc3d90000 - 0x00007fffc3f88000 	C:\WINDOWS\SYSTEM32\ntdll.dll
0x00007fffc3b70000 - 0x00007fffc3c2f000 	C:\WINDOWS\System32\KERNEL32.DLL
0x00007fffc1af0000 - 0x00007fffc1dc2000 	C:\WINDOWS\System32\KERNELBASE.dll
0x00007fffc17e0000 - 0x00007fffc18e0000 	C:\WINDOWS\System32\ucrtbase.dll
0x00007fffb19c0000 - 0x00007fffb19d7000 	C:\Program Files\JetBrains\IntelliJ IDEA 2022.2.1\jbr\bin\jli.dll
0x00007fffaff50000 - 0x00007fffaff6b000 	C:\Program Files\JetBrains\IntelliJ IDEA 2022.2.1\jbr\bin\VCRUNTIME140.dll
0x00007fffc30c0000 - 0x00007fffc3261000 	C:\WINDOWS\System32\USER32.dll
0x00007fffc19e0000 - 0x00007fffc1a02000 	C:\WINDOWS\System32\win32u.dll
0x00007fffc3ae0000 - 0x00007fffc3b0b000 	C:\WINDOWS\System32\GDI32.dll
0x00007fffc1480000 - 0x00007fffc158f000 	C:\WINDOWS\System32\gdi32full.dll
0x00007fffac550000 - 0x00007fffac7ea000 	C:\WINDOWS\WinSxS\amd64_microsoft.windows.common-controls_6595b64144ccf1df_6.0.19041.1110_none_60b5254171f9507e\COMCTL32.dll
0x00007fffc1740000 - 0x00007fffc17dd000 	C:\WINDOWS\System32\msvcp_win.dll
0x00007fffc3c40000 - 0x00007fffc3cde000 	C:\WINDOWS\System32\msvcrt.dll
0x00007fffc2930000 - 0x00007fffc2962000 	C:\WINDOWS\System32\IMM32.DLL
0x00007fffbca50000 - 0x00007fffbca5c000 	C:\Program Files\JetBrains\IntelliJ IDEA 2022.2.1\jbr\bin\vcruntime140_1.dll
0x00007fff963b0000 - 0x00007fff9643d000 	C:\Program Files\JetBrains\IntelliJ IDEA 2022.2.1\jbr\bin\msvcp140.dll
0x00007fff6b590000 - 0x00007fff6c1f8000 	C:\Program Files\JetBrains\IntelliJ IDEA 2022.2.1\jbr\bin\server\jvm.dll
0x00007fffc3290000 - 0x00007fffc333e000 	C:\WINDOWS\System32\ADVAPI32.dll
0x00007fffc3340000 - 0x00007fffc33dc000 	C:\WINDOWS\System32\sechost.dll
0x00007fffc3820000 - 0x00007fffc3945000 	C:\WINDOWS\System32\RPCRT4.dll
0x00007fffc3c30000 - 0x00007fffc3c38000 	C:\WINDOWS\System32\PSAPI.DLL
0x00007fffa6b90000 - 0x00007fffa6b99000 	C:\WINDOWS\SYSTEM32\WSOCK32.dll
0x00007fffba040000 - 0x00007fffba04a000 	C:\WINDOWS\SYSTEM32\VERSION.dll
0x00007fffabaa0000 - 0x00007fffabac7000 	C:\WINDOWS\SYSTEM32\WINMM.dll
0x00007fffc3ce0000 - 0x00007fffc3d4b000 	C:\WINDOWS\System32\WS2_32.dll
0x00007fffbfc90000 - 0x00007fffbfca2000 	C:\WINDOWS\SYSTEM32\kernel.appcore.dll
0x00007fffbc940000 - 0x00007fffbc94a000 	C:\Program Files\JetBrains\IntelliJ IDEA 2022.2.1\jbr\bin\jimage.dll
0x00007fffbf210000 - 0x00007fffbf3f4000 	C:\WINDOWS\SYSTEM32\DBGHELP.DLL
0x00007fffa5be0000 - 0x00007fffa5c15000 	C:\WINDOWS\SYSTEM32\dbgcore.DLL
0x00007fffc1950000 - 0x00007fffc19d2000 	C:\WINDOWS\System32\bcryptPrimitives.dll
0x00007fff91e10000 - 0x00007fff91e35000 	C:\Program Files\JetBrains\IntelliJ IDEA 2022.2.1\jbr\bin\java.dll

dbghelp: loaded successfully - version: 4.0.5 - missing functions: none
symbol engine: initialized successfully - sym options: 0x614 - pdb path: .;C:\Program Files\JetBrains\IntelliJ IDEA 2022.2.1\jbr\bin;C:\WINDOWS\SYSTEM32;C:\WINDOWS\WinSxS\amd64_microsoft.windows.common-controls_6595b64144ccf1df_6.0.19041.1110_none_60b5254171f9507e;C:\Program Files\JetBrains\IntelliJ IDEA 2022.2.1\jbr\bin\server

VM Arguments:
java_command: git4idea.http.GitAskPassApp Username for 'https://github.com': 
java_class_path (initial): C:/Program Files/JetBrains/IntelliJ IDEA 2022.2.1/plugins/git4idea/lib/git4idea-rt.jar;C:/Program Files/JetBrains/IntelliJ IDEA 2022.2.1/lib/externalProcess-rt.jar;C:/Program Files/JetBrains/IntelliJ IDEA 2022.2.1/lib/app.jar;C:/Program Files/JetBrains/IntelliJ IDEA 2022.2.1/lib/3rd-party-rt.jar
Launcher Type: SUN_STANDARD

[Global flags]
     intx CICompilerCount                          = 4                                         {product} {ergonomic}
     uint ConcGCThreads                            = 3                                         {product} {ergonomic}
     uint G1ConcRefinementThreads                  = 10                                        {product} {ergonomic}
   size_t G1HeapRegionSize                         = 2097152                                   {product} {ergonomic}
    uintx GCDrainStackTargetSize                   = 64                                        {product} {ergonomic}
   size_t InitialHeapSize                          = 266338304                                 {product} {ergonomic}
   size_t MarkStackSize                            = 4194304                                   {product} {ergonomic}
   size_t MaxHeapSize                              = 4257218560                                {product} {ergonomic}
   size_t MinHeapDeltaBytes                        = 2097152                                   {product} {ergonomic}
   size_t MinHeapSize                              = 8388608                                   {product} {ergonomic}
    uintx NonNMethodCodeHeapSize                   = 5839372                                {pd product} {ergonomic}
    uintx NonProfiledCodeHeapSize                  = 122909434                              {pd product} {ergonomic}
    uintx ProfiledCodeHeapSize                     = 122909434                              {pd product} {ergonomic}
    uintx ReservedCodeCacheSize                    = 251658240                              {pd product} {ergonomic}
     bool SegmentedCodeCache                       = true                                      {product} {ergonomic}
   size_t SoftMaxHeapSize                          = 4257218560                             {manageable} {ergonomic}
     bool UseCompressedClassPointers               = true                           {product lp64_product} {ergonomic}
     bool UseCompressedOops                        = true                           {product lp64_product} {ergonomic}
     bool UseG1GC                                  = true                                      {product} {ergonomic}
     bool UseLargePagesIndividualAllocation        = false                                  {pd product} {ergonomic}

Logging:
Log output configuration:
 #0: stdout all=warning uptime,level,tags
 #1: stderr all=off uptime,level,tags

Environment Variables:
JAVA_HOME=C:\Program Files\Zulu\zulu-11
PATH=C:/Program Files/Git/mingw64/libexec/git-core;C:/Program Files/Git/mingw64/libexec/git-core;C:\Program Files\Git\mingw64\bin;C:\Program Files\Git\usr\bin;C:\Users\jkary\bin;C:\Program Files\Common Files\Oracle\Java\javapath;C:\oraclexe\app\oracle\product\11.2.0\server\bin;C:\Program Files\Zulu\zulu-11\bin;C:\Program Files (x86)\Intel\Intel(R) Management Engine Components\iCLS\;C:\Program Files\Intel\Intel(R) Management Engine Components\iCLS\;C:\Windows\system32;C:\Windows;C:\Windows\System32\Wbem;C:\Windows\System32\WindowsPowerShell\v1.0\;C:\Windows\System32\OpenSSH\;C:\Program Files (x86)\NVIDIA Corporation\PhysX\Common;C:\Program Files (x86)\Intel\Intel(R) Management Engine Components\DAL;C:\Program Files\Intel\Intel(R) Management Engine Components\DAL;C:\Program Files (x86)\Intel\Intel(R) Management Engine Components\IPT;C:\Program Files\Intel\Intel(R) Management Engine Components\IPT;C:\Program Files\Intel\WiFi\bin\;C:\Program Files\Common Files\Intel\WirelessCommon\;C:\WINDOWS\system32;C:\WINDOWS;C:\WINDOWS\System32\Wbem;C:\WINDOWS\System32\WindowsPowerShell\v1.0\;C:\WINDOWS\System32\OpenSSH\;C:\Program Files\NVIDIA Corporation\NVIDIA NvDLISR;C:\Program Files\dotnet\;C:\Users\jkary\AppData\Local\GitHubDesktop\app-3.0.7\resources\app\git\cmd;C:\Program Files\Zulu\zulu-11\bin;C:\Program Files\Git\cmd;C:\Program Files\Docker\Docker\resources\bin;C:\Users\jkary\AppData\Local\Programs\Python\Python38\Scripts\;C:\Users\jkary\AppData\Local\Programs\Python\Python38\;C:\Users\jkary\AppData\Local\Microsoft\WindowsApps;C:\Program Files\Bandizip\;C:\Users\jkary\AppData\Local\GitHubDesktop\bin;C:\Users\jkary\AppData\Local\Programs\Microsoft VS Code\bin
USERNAME=jkary
DISPLAY=:0.0
LC_ALL=en_US.UTF-8
OS=Windows_NT
PROCESSOR_IDENTIFIER=Intel64 Family 6 Model 158 Stepping 10, GenuineIntel



---------------  S Y S T E M  ---------------

OS:
 Windows 10 , 64 bit Build 19041 (10.0.19041.2364)
OS uptime: 1 days 14:54 hours
Hyper-V role detected

CPU: total 12 (initial active 12) (6 cores per cpu, 2 threads per core) family 6 model 158 stepping 10 microcode 0xca, cx8, cmov, fxsr, ht, mmx, 3dnowpref, sse, sse2, sse3, ssse3, sse4.1, sse4.2, popcnt, lzcnt, tsc, tscinvbit, avx, avx2, aes, erms, clmul, bmi1, bmi2, adx, fma, vzeroupper, clflush, clflushopt, hv

Memory: 4k page, system-wide physical 16234M (1912M free)
TotalPageFile size 21375M (AvailPageFile size 8M)
current process WorkingSet (physical memory assigned to process): 10M, peak: 10M
current process commit charge ("private bytes"): 322M, peak: 326M

vm_info: OpenJDK 64-Bit Server VM (17.0.3+7-b469.37) for windows-amd64 JRE (17.0.3+7-b469.37), built on 2022-08-01 by "builduser" with MS VC++ 16.10 / 16.11 (VS2019)

END.
